{
  "Cucumber Features": {
    "coverage": {
      "/Users/satinderalag/rottenpotatoes/app/controllers/application_controller.rb": [
        1,
        1,
        null
      ],
      "/Users/satinderalag/rottenpotatoes/app/helpers/application_helper.rb": [
        1,
        null
      ],
      "/Users/satinderalag/rottenpotatoes/app/controllers/movies_controller.rb": [
        1,
        null,
        1,
        3,
        3,
        null,
        null,
        null,
        1,
        9,
        9,
        9,
        null,
        9,
        9,
        2,
        null,
        7,
        33,
        null,
        9,
        2,
        null,
        0,
        null,
        null,
        9,
        2,
        null,
        0,
        null,
        null,
        9,
        0,
        null,
        null,
        9,
        1,
        1,
        8,
        1,
        1,
        null,
        7,
        null,
        null,
        null,
        1,
        null,
        null,
        null,
        1,
        0,
        0,
        0,
        null,
        null,
        1,
        1,
        null,
        null,
        1,
        1,
        1,
        1,
        1,
        null,
        null,
        1,
        0,
        0,
        0,
        0,
        null,
        null,
        1,
        null,
        2,
        1,
        1,
        null,
        2,
        null,
        null,
        null
      ],
      "/Users/satinderalag/rottenpotatoes/app/models/movie.rb": [
        1,
        1,
        1,
        9,
        null,
        null,
        1,
        2,
        null,
        null
      ]
    },
    "timestamp": 1425366796
  },
  "RSpec": {
    "coverage": {
      "/Users/satinderalag/rottenpotatoes/app/controllers/application_controller.rb": [
        1,
        1,
        null
      ],
      "/Users/satinderalag/rottenpotatoes/app/helpers/application_helper.rb": [
        1,
        null
      ],
      "/Users/satinderalag/rottenpotatoes/app/controllers/movies_controller.rb": [
        1,
        null,
        1,
        0,
        0,
        null,
        null,
        null,
        1,
        0,
        0,
        0,
        null,
        0,
        0,
        0,
        null,
        0,
        0,
        null,
        0,
        0,
        null,
        0,
        null,
        null,
        0,
        0,
        null,
        0,
        null,
        null,
        0,
        0,
        null,
        null,
        0,
        0,
        0,
        0,
        0,
        0,
        null,
        0,
        null,
        null,
        null,
        1,
        null,
        null,
        null,
        1,
        0,
        0,
        0,
        null,
        null,
        1,
        0,
        null,
        null,
        1,
        0,
        0,
        0,
        0,
        null,
        null,
        1,
        0,
        0,
        0,
        0,
        null,
        null,
        1,
        null,
        3,
        0,
        0,
        null,
        3,
        null,
        null,
        null
      ],
      "/Users/satinderalag/rottenpotatoes/app/models/movie.rb": [
        1,
        1,
        1,
        0,
        null,
        null,
        1,
        0,
        null,
        null
      ]
    },
    "timestamp": 1425366771
  }
}
